SF:lib/numberpicker.dart
DA:21,1
DA:35,0
DA:36,0
DA:37,0
DA:38,1
DA:39,2
DA:40,1
DA:42,1
DA:44,1
DA:45,3
DA:49,1
DA:51,3
DA:52,1
DA:55,2
DA:71,0
DA:72,0
DA:73,0
DA:74,2
DA:75,4
DA:76,2
DA:77,0
DA:79,2
DA:82,1
DA:84,3
DA:86,1
DA:88,3
DA:91,2
DA:92,6
DA:93,2
DA:96,1
DA:109,0
DA:110,0
DA:111,0
DA:112,1
DA:113,1
DA:114,2
DA:115,1
DA:116,3
DA:117,1
DA:118,1
DA:119,1
DA:120,3
DA:122,1
DA:123,3
DA:124,1
DA:125,2
DA:128,1
DA:131,4
DA:134,1
DA:206,3
DA:207,6
DA:208,6
DA:209,3
DA:213,3
DA:214,12
DA:218,0
DA:219,0
DA:223,0
DA:224,0
DA:225,0
DA:226,0
DA:227,0
DA:235,4
DA:237,4
DA:239,4
DA:240,1
DA:242,6
DA:243,2
DA:245,1
DA:246,1
DA:247,1
DA:248,1
DA:255,3
DA:256,6
DA:258,12
DA:260,6
DA:262,3
DA:263,0
DA:265,0
DA:266,0
DA:269,3
DA:270,3
DA:271,3
DA:272,3
DA:273,3
DA:274,3
DA:275,3
DA:276,3
DA:277,3
DA:278,3
DA:280,3
DA:281,3
DA:282,3
DA:286,9
DA:290,9
DA:293,3
DA:294,3
DA:295,3
DA:296,9
DA:302,3
DA:303,3
DA:304,3
DA:305,3
DA:310,3
DA:315,1
DA:316,2
DA:318,4
DA:321,6
DA:323,1
DA:324,0
DA:326,0
DA:327,0
DA:330,1
DA:331,1
DA:332,1
DA:333,1
DA:334,1
DA:335,1
DA:336,1
DA:337,1
DA:338,1
DA:340,1
DA:341,1
DA:345,3
DA:349,3
DA:352,1
DA:353,1
DA:354,1
DA:355,5
DA:360,1
DA:361,1
DA:362,1
DA:363,1
DA:368,1
DA:373,1
DA:374,2
DA:376,4
DA:378,1
DA:379,0
DA:381,0
DA:382,0
DA:385,1
DA:386,1
DA:387,1
DA:388,1
DA:389,1
DA:390,1
DA:391,1
DA:392,1
DA:393,1
DA:394,1
DA:395,1
DA:399,3
DA:403,1
DA:404,1
DA:405,1
DA:411,1
DA:412,1
DA:413,1
DA:414,1
DA:419,1
DA:424,4
DA:425,4
DA:426,10
DA:427,4
DA:434,4
DA:435,4
DA:436,8
DA:437,16
DA:440,4
DA:441,4
DA:444,20
DA:445,4
DA:447,9
DA:449,8
DA:450,4
DA:452,8
DA:454,3
DA:458,8
DA:460,8
DA:464,2
DA:466,0
DA:467,0
DA:470,2
DA:471,2
DA:474,4
DA:480,1
DA:481,1
DA:484,7
DA:485,1
DA:487,1
DA:489,2
DA:491,0
DA:495,3
DA:496,2
DA:497,1
DA:498,3
DA:499,1
DA:508,3
DA:510,9
DA:511,4
DA:519,4
DA:520,8
DA:523,4
DA:525,20
DA:526,8
DA:529,1
DA:530,1
DA:531,3
DA:535,4
DA:539,4
DA:540,8
DA:541,9
DA:546,0
DA:549,0
DA:553,0
DA:554,0
DA:555,0
DA:556,0
DA:557,0
DA:558,0
DA:561,0
DA:567,1
DA:568,5
DA:569,2
DA:573,3
DA:574,3
DA:575,6
DA:584,4
DA:589,4
DA:591,4
DA:593,4
DA:594,4
DA:595,4
DA:596,5
DA:597,7
DA:598,4
DA:604,12
DA:627,0
DA:642,0
DA:643,0
DA:645,0
DA:648,0
DA:661,0
DA:662,0
DA:663,0
DA:668,0
DA:670,0
DA:671,0
DA:678,0
DA:681,0
DA:682,0
DA:683,0
DA:685,0
DA:689,0
DA:690,0
DA:691,0
DA:692,0
DA:693,0
DA:694,0
DA:695,0
DA:696,0
DA:697,0
DA:698,0
DA:699,0
DA:700,0
DA:703,0
DA:704,0
DA:705,0
DA:706,0
DA:707,0
DA:708,0
DA:709,0
DA:710,0
DA:711,0
DA:712,0
DA:713,0
DA:714,0
DA:719,0
DA:721,0
DA:722,0
DA:723,0
DA:724,0
DA:725,0
DA:726,0
DA:727,0
DA:728,0
DA:730,0
DA:731,0
DA:732,0
DA:733,0
DA:734,0
LF:292
LH:200
end_of_record
